<?xml version="1.0" encoding="UTF-8"?>
<!-- Generated by org.testng.reporters.JUnitReportReporter -->
<testsuite hostname="AVDCINDED-6" failures="0" tests="1" name="com.honeywell.connexo.runner.CucumberRunner" time="35.916" errors="0" timestamp="2022-09-22T14:04:45 IST" skipped="0">
  <testcase classname="com.honeywell.connexo.runner.CucumberRunner" name="runCukes" time="35.916"/>
  <system-out/>
</testsuite> <!-- com.honeywell.connexo.runner.CucumberRunner -->
